This is pdfTeX, Version 3.1415926-2.5-1.40.14 (TeX Live 2013/Debian) (format=pdflatex 2014.3.8)  15 MAR 2014 23:25
entering extended mode
 restricted \write18 enabled.
 %&-line parsing enabled.
**new_report.tex
(./new_report.tex
LaTeX2e <2011/06/27>
Babel <3.9f> and hyphenation patterns for 78 languages loaded.
(./acm_proc_article-sp.cls
(/usr/share/texlive/texmf-dist/tex/latex/graphics/epsfig.sty
Package: epsfig 1999/02/16 v1.7a (e)psfig emulation (SPQR)

(/usr/share/texlive/texmf-dist/tex/latex/graphics/graphicx.sty
Package: graphicx 1999/02/16 v1.0f Enhanced LaTeX Graphics (DPC,SPQR)

(/usr/share/texlive/texmf-dist/tex/latex/graphics/keyval.sty
Package: keyval 1999/03/16 v1.13 key=value parser (DPC)
\KV@toks@=\toks14
)
(/usr/share/texlive/texmf-dist/tex/latex/graphics/graphics.sty
Package: graphics 2009/02/05 v1.0o Standard LaTeX Graphics (DPC,SPQR)

(/usr/share/texlive/texmf-dist/tex/latex/graphics/trig.sty
Package: trig 1999/03/16 v1.09 sin cos tan (DPC)
)
(/usr/share/texlive/texmf-dist/tex/latex/latexconfig/graphics.cfg
File: graphics.cfg 2010/04/23 v1.9 graphics configuration of TeX Live
)
Package graphics Info: Driver file: pdftex.def on input line 91.

(/usr/share/texlive/texmf-dist/tex/latex/pdftex-def/pdftex.def
File: pdftex.def 2011/05/27 v0.06d Graphics/color for pdfTeX

(/usr/share/texlive/texmf-dist/tex/generic/oberdiek/infwarerr.sty
Package: infwarerr 2010/04/08 v1.3 Providing info/warning/error messages (HO)
)
(/usr/share/texlive/texmf-dist/tex/generic/oberdiek/ltxcmds.sty
Package: ltxcmds 2011/11/09 v1.22 LaTeX kernel commands for general use (HO)
)
\Gread@gobject=\count79
))
\Gin@req@height=\dimen102
\Gin@req@width=\dimen103
)
\epsfxsize=\dimen104
\epsfysize=\dimen105
)
(/usr/share/texlive/texmf-dist/tex/latex/amsfonts/amssymb.sty
Package: amssymb 2013/01/14 v3.01 AMS font symbols

(/usr/share/texlive/texmf-dist/tex/latex/amsfonts/amsfonts.sty
Package: amsfonts 2013/01/14 v3.01 Basic AMSFonts support
\@emptytoks=\toks15
\symAMSa=\mathgroup4
\symAMSb=\mathgroup5
LaTeX Font Info:    Overwriting math alphabet `\mathfrak' in version `bold'
(Font)                  U/euf/m/n --> U/euf/b/n on input line 106.
))
(/usr/share/texlive/texmf-dist/tex/latex/amsmath/amsmath.sty
Package: amsmath 2013/01/14 v2.14 AMS math features
\@mathmargin=\skip41

For additional information on amsmath, use the `?' option.
(/usr/share/texlive/texmf-dist/tex/latex/amsmath/amstext.sty
Package: amstext 2000/06/29 v2.01

(/usr/share/texlive/texmf-dist/tex/latex/amsmath/amsgen.sty
File: amsgen.sty 1999/11/30 v2.0
\@emptytoks=\toks16
\ex@=\dimen106
))
(/usr/share/texlive/texmf-dist/tex/latex/amsmath/amsbsy.sty
Package: amsbsy 1999/11/29 v1.2d
\pmbraise@=\dimen107
)
(/usr/share/texlive/texmf-dist/tex/latex/amsmath/amsopn.sty
Package: amsopn 1999/12/14 v2.01 operator names
)
\inf@bad=\count80
LaTeX Info: Redefining \frac on input line 210.
\uproot@=\count81
\leftroot@=\count82
LaTeX Info: Redefining \overline on input line 306.
\classnum@=\count83
\DOTSCASE@=\count84
LaTeX Info: Redefining \ldots on input line 378.
LaTeX Info: Redefining \dots on input line 381.
LaTeX Info: Redefining \cdots on input line 466.
\Mathstrutbox@=\box26
\strutbox@=\box27
\big@size=\dimen108
LaTeX Font Info:    Redeclaring font encoding OML on input line 566.
LaTeX Font Info:    Redeclaring font encoding OMS on input line 567.
\macc@depth=\count85
\c@MaxMatrixCols=\count86
\dotsspace@=\muskip10
\c@parentequation=\count87
\dspbrk@lvl=\count88
\tag@help=\toks17
\row@=\count89
\column@=\count90
\maxfields@=\count91
\andhelp@=\toks18
\eqnshift@=\dimen109
\alignsep@=\dimen110
\tagshift@=\dimen111
\tagwidth@=\dimen112
\totwidth@=\dimen113
\lineht@=\dimen114
\@envbody=\toks19
\multlinegap=\skip42
\multlinetaggap=\skip43
\mathdisplay@stack=\toks20
LaTeX Info: Redefining \[ on input line 2665.
LaTeX Info: Redefining \] on input line 2666.
)
Document Class 'acm_proc_article-sp' <22nd. April '09>. Modified by G.K.M. Tobi
n
Based in part upon document Style `acmconf' <22 May 89>. Hacked 4/91 by
shivers@cs.cmu.edu, 4/93 by theobald@cs.mcgill.ca
Excerpts were taken from (Journal Style) 'esub2acm.cls'.
****** Bugs/comments/suggestions to Gerry Murray -- murray@hq.acm.org ******
\footheight=\dimen115
\@maxsep=\dimen116
\@dblmaxsep=\dimen117
\aucount=\count92
\originalaucount=\count93
\auwidth=\dimen118
\auskip=\dimen119
\auskipcount=\count94
\auskip=\dimen120
\allauboxes=\dimen121
\addauthors=\toks21
\addauflag=\count95
\subtitletext=\toks22
\savesection=\count96
\sectioncntr=\count97
\c@figure=\count98
\c@table=\count99
\titleboxnotes=\toks23
\titleboxnoteflag=\count100
Document Class: acm_proc_article-sp 2009/04/22 - V3.2SP - based on esub2acm.sty
 <23 April 96>
(/usr/share/texlive/texmf-dist/tex/latex/base/latexsym.sty
Package: latexsym 1998/08/17 v2.2e Standard LaTeX package (lasy symbols)
\symlasy=\mathgroup6
LaTeX Font Info:    Overwriting symbol font `lasy' in version `bold'
(Font)                  U/lasy/m/n --> U/lasy/b/n on input line 47.
)
\@acmtitlebox=\box28
\titlenotecount=\count101
\tntoks=\toks24
\tntokstwo=\toks25
\tntoksthree=\toks26
\tntoksfour=\toks27
\tntoksfive=\toks28
\catcount=\count102
\copyrightnotice=\toks29
\conf=\toks30
\confinfo=\toks31
\c@part=\count103
\c@section=\count104
\c@subsection=\count105
\c@subsubsection=\count106
\c@paragraph=\count107

Using 'Abbrev' bibliography style
LaTeX Info: Redefining \cite on input line 1236.
\bibindent=\dimen122
\colcntr=\count108
\saveb@x=\box29
\copyrtyr=\toks32
\acmcopyr=\toks33
\boilerplate=\toks34
\copyrightetc=\toks35
(/usr/share/texlive/texmf-dist/tex/latex/base/fontenc.sty
Package: fontenc 2005/09/27 v1.99g Standard LaTeX package

(/usr/share/texlive/texmf-dist/tex/latex/base/t1enc.def
File: t1enc.def 2005/09/27 v1.99g Standard LaTeX file
LaTeX Font Info:    Redeclaring font encoding T1 on input line 43.
)
LaTeX Font Info:    Try loading font information for T1+aer on input line 100.

(/usr/share/texlive/texmf-dist/tex/latex/ae/t1aer.fd
File: t1aer.fd 1997/11/16 Font definitions for T1/aer.
))) (./new_report.aux)
\openout1 = `new_report.aux'.

LaTeX Font Info:    Checking defaults for OML/cmm/m/it on input line 2.
LaTeX Font Info:    ... okay on input line 2.
LaTeX Font Info:    Checking defaults for T1/cmr/m/n on input line 2.
LaTeX Font Info:    ... okay on input line 2.
LaTeX Font Info:    Checking defaults for OT1/cmr/m/n on input line 2.
LaTeX Font Info:    ... okay on input line 2.
LaTeX Font Info:    Checking defaults for OMS/cmsy/m/n on input line 2.
LaTeX Font Info:    ... okay on input line 2.
LaTeX Font Info:    Checking defaults for OMX/cmex/m/n on input line 2.
LaTeX Font Info:    ... okay on input line 2.
LaTeX Font Info:    Checking defaults for U/cmr/m/n on input line 2.
LaTeX Font Info:    ... okay on input line 2.

(/usr/share/texlive/texmf-dist/tex/context/base/supp-pdf.mkii
[Loading MPS to PDF converter (version 2006.09.02).]
\scratchcounter=\count109
\scratchdimen=\dimen123
\scratchbox=\box30
\nofMPsegments=\count110
\nofMParguments=\count111
\everyMPshowfont=\toks36
\MPscratchCnt=\count112
\MPscratchDim=\dimen124
\MPnumerator=\count113
\makeMPintoPDFobject=\count114
\everyMPtoPDFconversion=\toks37
) (/usr/share/texlive/texmf-dist/tex/generic/oberdiek/pdftexcmds.sty
Package: pdftexcmds 2011/11/29 v0.20 Utility functions of pdfTeX for LuaTeX (HO
)

(/usr/share/texlive/texmf-dist/tex/generic/oberdiek/ifluatex.sty
Package: ifluatex 2010/03/01 v1.3 Provides the ifluatex switch (HO)
Package ifluatex Info: LuaTeX not detected.
)
(/usr/share/texlive/texmf-dist/tex/generic/oberdiek/ifpdf.sty
Package: ifpdf 2011/01/30 v2.3 Provides the ifpdf switch (HO)
Package ifpdf Info: pdfTeX in PDF mode is detected.
)
Package pdftexcmds Info: LuaTeX not detected.
Package pdftexcmds Info: \pdf@primitive is available.
Package pdftexcmds Info: \pdf@ifprimitive is available.
Package pdftexcmds Info: \pdfdraftmode found.
)
(/usr/share/texlive/texmf-dist/tex/latex/oberdiek/epstopdf-base.sty
Package: epstopdf-base 2010/02/09 v2.5 Base part for package epstopdf

(/usr/share/texlive/texmf-dist/tex/latex/oberdiek/grfext.sty
Package: grfext 2010/08/19 v1.1 Manage graphics extensions (HO)

(/usr/share/texlive/texmf-dist/tex/generic/oberdiek/kvdefinekeys.sty
Package: kvdefinekeys 2011/04/07 v1.3 Define keys (HO)
))
(/usr/share/texlive/texmf-dist/tex/latex/oberdiek/kvoptions.sty
Package: kvoptions 2011/06/30 v3.11 Key value format for package options (HO)

(/usr/share/texlive/texmf-dist/tex/generic/oberdiek/kvsetkeys.sty
Package: kvsetkeys 2012/04/25 v1.16 Key value parser (HO)

(/usr/share/texlive/texmf-dist/tex/generic/oberdiek/etexcmds.sty
Package: etexcmds 2011/02/16 v1.5 Avoid name clashes with e-TeX commands (HO)
Package etexcmds Info: Could not find \expanded.
(etexcmds)             That can mean that you are not using pdfTeX 1.50 or
(etexcmds)             that some package has redefined \expanded.
(etexcmds)             In the latter case, load this package earlier.
)))
Package grfext Info: Graphics extension search list:
(grfext)             [.png,.pdf,.jpg,.mps,.jpeg,.jbig2,.jb2,.PNG,.PDF,.JPG,.JPE
G,.JBIG2,.JB2,.eps]
(grfext)             \AppendGraphicsExtensions on input line 452.

(/usr/share/texlive/texmf-dist/tex/latex/latexconfig/epstopdf-sys.cfg
File: epstopdf-sys.cfg 2010/07/13 v1.3 Configuration of (r)epstopdf for TeX Liv
e
))
LaTeX Font Info:    Try loading font information for U+msa on input line 12.

(/usr/share/texlive/texmf-dist/tex/latex/amsfonts/umsa.fd
File: umsa.fd 2013/01/14 v3.01 AMS symbols A
)
LaTeX Font Info:    Try loading font information for U+msb on input line 12.

(/usr/share/texlive/texmf-dist/tex/latex/amsfonts/umsb.fd
File: umsb.fd 2013/01/14 v3.01 AMS symbols B
)
LaTeX Font Info:    Try loading font information for U+lasy on input line 12.

(/usr/share/texlive/texmf-dist/tex/latex/base/ulasy.fd
File: ulasy.fd 1998/08/17 v2.2e LaTeX symbol font definitions
)
Package epstopdf Info: Source file: <improved_bubble_sort.eps>
(epstopdf)                    date: 2014-03-14 18:11:46
(epstopdf)                    size: 76127 bytes
(epstopdf)             Output file: <improved_bubble_sort-eps-converted-to.pdf>

(epstopdf)                    date: 2014-03-14 19:06:40
(epstopdf)                    size: 39116 bytes
(epstopdf)             Command: <repstopdf --outfile=improved_bubble_sort-eps-c
onverted-to.pdf improved_bubble_sort.eps>
(epstopdf)             \includegraphics on input line 27.
Package epstopdf Info: Output file is already uptodate.

<improved_bubble_sort-eps-converted-to.pdf, id=1, 455.7025pt x 255.95625pt>
File: improved_bubble_sort-eps-converted-to.pdf Graphic file (type pdf)

<use improved_bubble_sort-eps-converted-to.pdf>
Package pdftex.def Info: improved_bubble_sort-eps-converted-to.pdf used on inpu
t line 27.
(pdftex.def)             Requested size: 238.49641pt x 180.67569pt.
Package epstopdf Info: Source file: <selection_sort.eps>
(epstopdf)                    date: 2014-03-14 18:13:17
(epstopdf)                    size: 73991 bytes
(epstopdf)             Output file: <selection_sort-eps-converted-to.pdf>
(epstopdf)                    date: 2014-03-14 19:06:41
(epstopdf)                    size: 38524 bytes
(epstopdf)             Command: <repstopdf --outfile=selection_sort-eps-convert
ed-to.pdf selection_sort.eps>
(epstopdf)             \includegraphics on input line 37.
Package epstopdf Info: Output file is already uptodate.

<selection_sort-eps-converted-to.pdf, id=2, 455.7025pt x 255.95625pt>
File: selection_sort-eps-converted-to.pdf Graphic file (type pdf)

<use selection_sort-eps-converted-to.pdf>
Package pdftex.def Info: selection_sort-eps-converted-to.pdf used on input line
 37.
(pdftex.def)             Requested size: 238.49641pt x 180.67569pt.

Underfull \hbox (badness 10000) in paragraph at lines 32--39

 []


Underfull \hbox (badness 10000) in paragraph at lines 32--39

 []

[1{/var/lib/texmf/fonts/map/pdftex/updmap/pdftex.map}


 <./improved_bubble_sort-eps-converted-to.pdf>]
Package epstopdf Info: Source file: <insertion_sort.eps>
(epstopdf)                    date: 2014-03-14 18:15:10
(epstopdf)                    size: 71428 bytes
(epstopdf)             Output file: <insertion_sort-eps-converted-to.pdf>
(epstopdf)                    date: 2014-03-14 19:06:41
(epstopdf)                    size: 36923 bytes
(epstopdf)             Command: <repstopdf --outfile=insertion_sort-eps-convert
ed-to.pdf insertion_sort.eps>
(epstopdf)             \includegraphics on input line 42.
Package epstopdf Info: Output file is already uptodate.

<insertion_sort-eps-converted-to.pdf, id=19, 455.7025pt x 255.95625pt>
File: insertion_sort-eps-converted-to.pdf Graphic file (type pdf)

<use insertion_sort-eps-converted-to.pdf>
Package pdftex.def Info: insertion_sort-eps-converted-to.pdf used on input line
 42.
(pdftex.def)             Requested size: 238.49641pt x 180.67569pt.
Package epstopdf Info: Source file: <n2sorts.eps>
(epstopdf)                    date: 2014-03-14 18:19:23
(epstopdf)                    size: 87772 bytes
(epstopdf)             Output file: <n2sorts-eps-converted-to.pdf>
(epstopdf)                    date: 2014-03-14 19:06:42
(epstopdf)                    size: 44530 bytes
(epstopdf)             Command: <repstopdf --outfile=n2sorts-eps-converted-to.p
df n2sorts.eps>
(epstopdf)             \includegraphics on input line 49.
Package epstopdf Info: Output file is already uptodate.

<n2sorts-eps-converted-to.pdf, id=20, 455.7025pt x 255.95625pt>
File: n2sorts-eps-converted-to.pdf Graphic file (type pdf)

<use n2sorts-eps-converted-to.pdf>
Package pdftex.def Info: n2sorts-eps-converted-to.pdf used on input line 49.
(pdftex.def)             Requested size: 238.49641pt x 180.67569pt.
Package epstopdf Info: Source file: <quick_sort_0.eps>
(epstopdf)                    date: 2014-03-14 18:47:18
(epstopdf)                    size: 123118 bytes
(epstopdf)             Output file: <quick_sort_0-eps-converted-to.pdf>
(epstopdf)                    date: 2014-03-14 19:06:42
(epstopdf)                    size: 56053 bytes
(epstopdf)             Command: <repstopdf --outfile=quick_sort_0-eps-converted
-to.pdf quick_sort_0.eps>
(epstopdf)             \includegraphics on input line 58.
Package epstopdf Info: Output file is already uptodate.

<quick_sort_0-eps-converted-to.pdf, id=21, 455.7025pt x 255.95625pt>
File: quick_sort_0-eps-converted-to.pdf Graphic file (type pdf)

<use quick_sort_0-eps-converted-to.pdf>
Package pdftex.def Info: quick_sort_0-eps-converted-to.pdf used on input line 5
8.
(pdftex.def)             Requested size: 238.49641pt x 180.67569pt.
Package epstopdf Info: Source file: <quick_sort_1.eps>
(epstopdf)                    date: 2014-03-14 18:48:46
(epstopdf)                    size: 121235 bytes
(epstopdf)             Output file: <quick_sort_1-eps-converted-to.pdf>
(epstopdf)                    date: 2014-03-14 19:06:43
(epstopdf)                    size: 56196 bytes
(epstopdf)             Command: <repstopdf --outfile=quick_sort_1-eps-converted
-to.pdf quick_sort_1.eps>
(epstopdf)             \includegraphics on input line 68.
Package epstopdf Info: Output file is already uptodate.

<quick_sort_1-eps-converted-to.pdf, id=22, 455.7025pt x 255.95625pt>
File: quick_sort_1-eps-converted-to.pdf Graphic file (type pdf)

<use quick_sort_1-eps-converted-to.pdf>
Package pdftex.def Info: quick_sort_1-eps-converted-to.pdf used on input line 6
8.
(pdftex.def)             Requested size: 238.49641pt x 180.67569pt.
 [2 <./selection_sort-eps-converted-to.pdf> <./insertion_sort-eps-converted-to.
pdf> <./n2sorts-eps-converted-to.pdf> <./quick_sort_0-eps-converted-to.pdf>]
Package epstopdf Info: Source file: <merge_sort.eps>
(epstopdf)                    date: 2014-03-14 18:49:45
(epstopdf)                    size: 120704 bytes
(epstopdf)             Output file: <merge_sort-eps-converted-to.pdf>
(epstopdf)                    date: 2014-03-14 19:06:43
(epstopdf)                    size: 55026 bytes
(epstopdf)             Command: <repstopdf --outfile=merge_sort-eps-converted-t
o.pdf merge_sort.eps>
(epstopdf)             \includegraphics on input line 73.
Package epstopdf Info: Output file is already uptodate.

<merge_sort-eps-converted-to.pdf, id=34, 455.7025pt x 255.95625pt>
File: merge_sort-eps-converted-to.pdf Graphic file (type pdf)

<use merge_sort-eps-converted-to.pdf>
Package pdftex.def Info: merge_sort-eps-converted-to.pdf used on input line 73.

(pdftex.def)             Requested size: 238.49641pt x 180.67569pt.

Underfull \hbox (badness 10000) in paragraph at lines 75--76

 []

Package epstopdf Info: Source file: <shell_sort.eps>
(epstopdf)                    date: 2014-03-14 18:50:36
(epstopdf)                    size: 126069 bytes
(epstopdf)             Output file: <shell_sort-eps-converted-to.pdf>
(epstopdf)                    date: 2014-03-14 19:06:44
(epstopdf)                    size: 57438 bytes
(epstopdf)             Command: <repstopdf --outfile=shell_sort-eps-converted-t
o.pdf shell_sort.eps>
(epstopdf)             \includegraphics on input line 82.
Package epstopdf Info: Output file is already uptodate.
<shell_sort-eps-converted-to.pdf, id=35, 455.7025pt x 255.95625pt>
File: shell_sort-eps-converted-to.pdf Graphic file (type pdf)

<use shell_sort-eps-converted-to.pdf>
Package pdftex.def Info: shell_sort-eps-converted-to.pdf used on input line 82.

(pdftex.def)             Requested size: 238.49641pt x 180.67569pt.
 [3 <./quick_sort_1-eps-converted-to.pdf> <./merge_sort-eps-converted-to.pdf> <
./shell_sort-eps-converted-to.pdf>]
Package epstopdf Info: Source file: <nlognsorts.eps>
(epstopdf)                    date: 2014-03-14 19:00:27
(epstopdf)                    size: 131577 bytes
(epstopdf)             Output file: <nlognsorts-eps-converted-to.pdf>
(epstopdf)                    date: 2014-03-14 19:10:35
(epstopdf)                    size: 60277 bytes
(epstopdf)             Command: <repstopdf --outfile=nlognsorts-eps-converted-t
o.pdf nlognsorts.eps>
(epstopdf)             \includegraphics on input line 89.
Package epstopdf Info: Output file is already uptodate.

<nlognsorts-eps-converted-to.pdf, id=45, 455.7025pt x 255.95625pt>
File: nlognsorts-eps-converted-to.pdf Graphic file (type pdf)

<use nlognsorts-eps-converted-to.pdf>
Package pdftex.def Info: nlognsorts-eps-converted-to.pdf used on input line 89.

(pdftex.def)             Requested size: 238.49641pt x 180.67569pt.

Underfull \hbox (badness 10000) in paragraph at lines 86--91

 []

Package epstopdf Info: Source file: <radix_sort.eps>
(epstopdf)                    date: 2014-03-14 20:44:24
(epstopdf)                    size: 119103 bytes
(epstopdf)             Output file: <radix_sort-eps-converted-to.pdf>
(epstopdf)                    date: 2014-03-14 23:08:14
(epstopdf)                    size: 54085 bytes
(epstopdf)             Command: <repstopdf --outfile=radix_sort-eps-converted-t
o.pdf radix_sort.eps>
(epstopdf)             \includegraphics on input line 96.
Package epstopdf Info: Output file is already uptodate.
<radix_sort-eps-converted-to.pdf, id=46, 455.7025pt x 255.95625pt>
File: radix_sort-eps-converted-to.pdf Graphic file (type pdf)

<use radix_sort-eps-converted-to.pdf>
Package pdftex.def Info: radix_sort-eps-converted-to.pdf used on input line 96.

(pdftex.def)             Requested size: 238.49641pt x 180.67569pt.

Underfull \hbox (badness 10000) in paragraph at lines 99--100

 []


Underfull \hbox (badness 10000) in paragraph at lines 101--102

 []

Package epstopdf Info: Source file: <quick_sorts.eps>
(epstopdf)                    date: 2014-03-15 12:19:00
(epstopdf)                    size: 121705 bytes
(epstopdf)             Output file: <quick_sorts-eps-converted-to.pdf>
(epstopdf)                    date: 2014-03-15 13:22:47
(epstopdf)                    size: 55086 bytes
(epstopdf)             Command: <repstopdf --outfile=quick_sorts-eps-converted-
to.pdf quick_sorts.eps>
(epstopdf)             \includegraphics on input line 106.
Package epstopdf Info: Output file is already uptodate.
<quick_sorts-eps-converted-to.pdf, id=47, 455.7025pt x 255.95625pt>
File: quick_sorts-eps-converted-to.pdf Graphic file (type pdf)

<use quick_sorts-eps-converted-to.pdf>
Package pdftex.def Info: quick_sorts-eps-converted-to.pdf used on input line 10
6.
(pdftex.def)             Requested size: 238.49641pt x 180.67569pt.

No file new_report.bbl.
[4 <./nlognsorts-eps-converted-to.pdf> <./radix_sort-eps-converted-to.pdf> <./q
uick_sorts-eps-converted-to.pdf>]
Underfull \hbox (badness 10000) in paragraph at lines 114--115

 []


Overfull \hbox (13.6241pt too wide) in paragraph at lines 116--117
[]\T1/aer/m/n/9 http://en.wikipedia.org/wiki/Sorting_algorithm - An-other web-
 []


Underfull \hbox (badness 10000) in paragraph at lines 116--117

 []

[5

] (./new_report.aux) ) 
Here is how much of TeX's memory you used:
 2831 strings out of 493307
 36708 string characters out of 6139906
 97945 words of memory out of 5000000
 6206 multiletter control sequences out of 15000+600000
 52854 words of font info for 70 fonts, out of 8000000 for 9000
 957 hyphenation exceptions out of 8191
 41i,10n,28p,843b,246s stack positions out of 5000i,500n,10000p,200000b,80000s
{/usr/share/texlive/texmf-dist/fonts/enc/dvips/base/8r.en
c}</usr/share/texlive/texmf-dist/fonts/type1/public/amsfonts/cm/cmbx9.pfb></usr
/share/texlive/texmf-dist/fonts/type1/public/amsfonts/cm/cmmi9.pfb></usr/share/
texlive/texmf-dist/fonts/type1/public/amsfonts/cm/cmr6.pfb></usr/share/texlive/
texmf-dist/fonts/type1/public/amsfonts/cm/cmr9.pfb></usr/share/texlive/texmf-di
st/fonts/type1/public/amsfonts/cm/cmti9.pfb></usr/share/texlive/texmf-dist/font
s/type1/urw/helvetic/uhvb8a.pfb></usr/share/texlive/texmf-dist/fonts/type1/urw/
helvetic/uhvr8a.pfb></usr/share/texlive/texmf-dist/fonts/type1/urw/times/utmb8a
.pfb></usr/share/texlive/texmf-dist/fonts/type1/urw/times/utmbi8a.pfb></usr/sha
re/texlive/texmf-dist/fonts/type1/urw/times/utmri8a.pfb>
Output written on new_report.pdf (5 pages, 654979 bytes).
PDF statistics:
 94 PDF objects out of 1000 (max. 8388607)
 65 compressed objects within 1 object stream
 0 named destinations out of 1000 (max. 500000)
 56 words of extra memory for PDF output out of 10000 (max. 10000000)

