\BOOKMARK [1][-]{section.1}{Introduction}{}% 1
\BOOKMARK [1][-]{section.2}{Task analysis}{}% 2
\BOOKMARK [2][-]{subsection.2.1}{The system.}{section.2}% 3
\BOOKMARK [2][-]{subsection.2.2}{System users.}{section.2}% 4
\BOOKMARK [2][-]{subsection.2.3}{System functionality.}{section.2}% 5
\BOOKMARK [2][-]{subsection.2.4}{Data flow analysis.}{section.2}% 6
\BOOKMARK [1][-]{section.3}{Interaction design.}{}% 7
\BOOKMARK [2][-]{subsection.3.1}{Fishermen's website}{section.3}% 8
\BOOKMARK [2][-]{subsection.3.2}{Warehouse staff's website}{section.3}% 9
\BOOKMARK [2][-]{subsection.3.3}{Buyers' website}{section.3}% 10
\BOOKMARK [2][-]{subsection.3.4}{Admin}{section.3}% 11
\BOOKMARK [2][-]{subsection.3.5}{Accessibility and customisation}{section.3}% 12
\BOOKMARK [1][-]{section.4}{Prototype}{}% 13
\BOOKMARK [1][-]{section.5}{Evaluation}{}% 14
\BOOKMARK [2][-]{subsection.5.1}{Consistency}{section.5}% 15
\BOOKMARK [2][-]{subsection.5.2}{Shortcuts}{section.5}% 16
\BOOKMARK [2][-]{subsection.5.3}{Feedback}{section.5}% 17
\BOOKMARK [2][-]{subsection.5.4}{Dialog to yield closure}{section.5}% 18
\BOOKMARK [2][-]{subsection.5.5}{Error handling}{section.5}% 19
\BOOKMARK [2][-]{subsection.5.6}{Reversal of actions}{section.5}% 20
\BOOKMARK [2][-]{subsection.5.7}{Internal locus of control}{section.5}% 21
\BOOKMARK [2][-]{subsection.5.8}{Reduce short-term memory load}{section.5}% 22
